[01m[K/home/hegaozhi/dftc/test/ros2_demo/examples-master/rclcpp/topics/minimal_subscriber/member_function_with_topic_statistics.cpp:[m[K In constructor ‚Äò[01m[KMinimalSubscriberWithTopicStatistics::MinimalSubscriberWithTopicStatistics()[m[K‚Äô:
[01m[K/home/hegaozhi/dftc/test/ros2_demo/examples-master/rclcpp/topics/minimal_subscriber/member_function_with_topic_statistics.cpp:31:13:[m[K [01;31m[Kerror: [m[K‚Äò[01m[Kstruct rclcpp::SubscriptionOptionsWithAllocator<std::allocator<void> >[m[K‚Äô has no member named ‚Äò[01m[Ktopic_stats_options[m[K‚Äô; did you mean ‚Äò[01m[Kto_rcl_subscription_options[m[K‚Äô?
     options.[01;31m[Ktopic_stats_options[m[K.state = rclcpp::TopicStatisticsState::Enable;
             [01;31m[K^~~~~~~~~~~~~~~~~~~[m[K
             [32m[Kto_rcl_subscription_options[m[K
[01m[K/home/hegaozhi/dftc/test/ros2_demo/examples-master/rclcpp/topics/minimal_subscriber/member_function_with_topic_statistics.cpp:31:49:[m[K [01;31m[Kerror: [m[K‚Äò[01m[Krclcpp::TopicStatisticsState[m[K‚Äô has not been declared
     options.topic_stats_options.state = rclcpp::[01;31m[KTopicStatisticsState[m[K::Enable;
                                                 [01;31m[K^~~~~~~~~~~~~~~~~~~~[m[K
[01m[K/home/hegaozhi/dftc/test/ros2_demo/examples-master/rclcpp/topics/minimal_subscriber/member_function_with_topic_statistics.cpp:34:13:[m[K [01;31m[Kerror: [m[K‚Äò[01m[Kstruct rclcpp::SubscriptionOptionsWithAllocator<std::allocator<void> >[m[K‚Äô has no member named ‚Äò[01m[Ktopic_stats_options[m[K‚Äô; did you mean ‚Äò[01m[Kto_rcl_subscription_options[m[K‚Äô?
     options.[01;31m[Ktopic_stats_options[m[K.publish_period = std::chrono::seconds(10);
             [01;31m[K^~~~~~~~~~~~~~~~~~~[m[K
             [32m[Kto_rcl_subscription_options[m[K
make[2]: *** [CMakeFiles/subscriber_member_function_with_topic_statistics.dir/member_function_with_topic_statistics.cpp.o] Error 1
make[1]: *** [CMakeFiles/subscriber_member_function_with_topic_statistics.dir/all] Error 2
make[1]: *** Ê≠£Âú®Á≠âÂæÖÊú™ÂÆåÊàêÁöÑ‰ªªÂä°....
make: *** [all] Error 2
