-- The C compiler identification is GNU 7.5.0
-- The CXX compiler identification is GNU 7.5.0
-- Check for working C compiler: /usr/bin/cc
-- Check for working C compiler: /usr/bin/cc -- works
-- Detecting C compiler ABI info
-- Detecting C compiler ABI info - done
-- Detecting C compile features
-- Detecting C compile features - done
-- Check for working CXX compiler: /usr/bin/c++
-- Check for working CXX compiler: /usr/bin/c++ -- works
-- Detecting CXX compiler ABI info
-- Detecting CXX compiler ABI info - done
-- Detecting CXX compile features
-- Detecting CXX compile features - done
-- Found ament_cmake: 0.7.5 (/opt/ros/dashing/share/ament_cmake/cmake)
-- Found PythonInterp: /usr/bin/python3 (found suitable version "3.6.9", minimum required is "3") 
-- Using PYTHON_EXECUTABLE: /usr/bin/python3
-- Found rclcpp: 0.7.14 (/opt/ros/dashing/share/rclcpp/cmake)
-- Found rosidl_adapter: 0.7.9 (/opt/ros/dashing/share/rosidl_adapter/cmake)
-- Found rmw_implementation_cmake: 0.7.2 (/opt/ros/dashing/share/rmw_implementation_cmake/cmake)
-- Using RMW implementation 'rmw_fastrtps_cpp' as default
-- Looking for pthread.h
-- Looking for pthread.h - found
-- Looking for pthread_create
-- Looking for pthread_create - not found
-- Looking for pthread_create in pthreads
-- Looking for pthread_create in pthreads - not found
-- Looking for pthread_create in pthread
-- Looking for pthread_create in pthread - found
-- Found Threads: TRUE  
-- Found std_msgs: 0.7.0 (/opt/ros/dashing/share/std_msgs/cmake)
-- Found ament_lint_auto: 0.7.12 (/opt/ros/dashing/share/ament_lint_auto/cmake)
-- Added test 'copyright' to check for copyright in CMake / C / C++ / Python code
-- Added test 'cppcheck' to perform static code analysis on C / C++ code
-- Configured cppcheck include dirs: 
-- Added test 'cpplint' to check C / C++ code against the Google style
-- Added test 'lint_cmake' to check CMake code style
-- Added test 'uncrustify' to check C / C++ code style
-- Added test 'xmllint' to check XML markup files
-- Configuring done
-- Generating done
-- Build files have been written to: /home/hegaozhi/dftc/test/ros2_demo/examples-master/rclcpp/topics/build/examples_rclcpp_minimal_subscriber
[35m[1mScanning dependencies of target subscriber_lambda[0m
[35m[1mScanning dependencies of target subscriber_member_function[0m
[ 12%] [32mBuilding CXX object CMakeFiles/subscriber_lambda.dir/lambda.cpp.o[0m
[ 25%] [32mBuilding CXX object CMakeFiles/subscriber_member_function.dir/member_function.cpp.o[0m
[ 37%] [32m[1mLinking CXX executable subscriber_member_function[0m
[ 50%] [32m[1mLinking CXX executable subscriber_lambda[0m
[ 50%] Built target subscriber_member_function
[35m[1mScanning dependencies of target subscriber_member_function_with_topic_statistics[0m
[ 62%] [32mBuilding CXX object CMakeFiles/subscriber_member_function_with_topic_statistics.dir/member_function_with_topic_statistics.cpp.o[0m
[ 62%] Built target subscriber_lambda
[35m[1mScanning dependencies of target subscriber_not_composable[0m
[ 75%] [32mBuilding CXX object CMakeFiles/subscriber_not_composable.dir/not_composable.cpp.o[0m
[01m[K/home/hegaozhi/dftc/test/ros2_demo/examples-master/rclcpp/topics/minimal_subscriber/member_function_with_topic_statistics.cpp:[m[K In constructor ‚Äò[01m[KMinimalSubscriberWithTopicStatistics::MinimalSubscriberWithTopicStatistics()[m[K‚Äô:
[01m[K/home/hegaozhi/dftc/test/ros2_demo/examples-master/rclcpp/topics/minimal_subscriber/member_function_with_topic_statistics.cpp:31:13:[m[K [01;31m[Kerror: [m[K‚Äò[01m[Kstruct rclcpp::SubscriptionOptionsWithAllocator<std::allocator<void> >[m[K‚Äô has no member named ‚Äò[01m[Ktopic_stats_options[m[K‚Äô; did you mean ‚Äò[01m[Kto_rcl_subscription_options[m[K‚Äô?
     options.[01;31m[Ktopic_stats_options[m[K.state = rclcpp::TopicStatisticsState::Enable;
             [01;31m[K^~~~~~~~~~~~~~~~~~~[m[K
             [32m[Kto_rcl_subscription_options[m[K
[01m[K/home/hegaozhi/dftc/test/ros2_demo/examples-master/rclcpp/topics/minimal_subscriber/member_function_with_topic_statistics.cpp:31:49:[m[K [01;31m[Kerror: [m[K‚Äò[01m[Krclcpp::TopicStatisticsState[m[K‚Äô has not been declared
     options.topic_stats_options.state = rclcpp::[01;31m[KTopicStatisticsState[m[K::Enable;
                                                 [01;31m[K^~~~~~~~~~~~~~~~~~~~[m[K
[01m[K/home/hegaozhi/dftc/test/ros2_demo/examples-master/rclcpp/topics/minimal_subscriber/member_function_with_topic_statistics.cpp:34:13:[m[K [01;31m[Kerror: [m[K‚Äò[01m[Kstruct rclcpp::SubscriptionOptionsWithAllocator<std::allocator<void> >[m[K‚Äô has no member named ‚Äò[01m[Ktopic_stats_options[m[K‚Äô; did you mean ‚Äò[01m[Kto_rcl_subscription_options[m[K‚Äô?
     options.[01;31m[Ktopic_stats_options[m[K.publish_period = std::chrono::seconds(10);
             [01;31m[K^~~~~~~~~~~~~~~~~~~[m[K
             [32m[Kto_rcl_subscription_options[m[K
make[2]: *** [CMakeFiles/subscriber_member_function_with_topic_statistics.dir/member_function_with_topic_statistics.cpp.o] Error 1
CMakeFiles/subscriber_member_function_with_topic_statistics.dir/build.make:62: recipe for target 'CMakeFiles/subscriber_member_function_with_topic_statistics.dir/member_function_with_topic_statistics.cpp.o' failed
CMakeFiles/Makefile2:173: recipe for target 'CMakeFiles/subscriber_member_function_with_topic_statistics.dir/all' failed
make[1]: *** [CMakeFiles/subscriber_member_function_with_topic_statistics.dir/all] Error 2
make[1]: *** Ê≠£Âú®Á≠âÂæÖÊú™ÂÆåÊàêÁöÑ‰ªªÂä°....
[ 87%] [32m[1mLinking CXX executable subscriber_not_composable[0m
[ 87%] Built target subscriber_not_composable
make: *** [all] Error 2
Makefile:140: recipe for target 'all' failed
